Using pre-set license
Built from '2020.3/release' branch; Version is '2020.3.1f1 (77a89f25062f) revision 7841951'; Using compiler version '192528614'; Build Type 'Release'
OS: 'Windows 10 Pro; OS build 19042.928; Version 2009; 64bit' Language: 'en' Physical Memory: 16322 MB
BatchMode: 1, IsHumanControllingUs: 0, StartBugReporterOnCrash: 0, Is64bit: 1, IsPro: 0

 COMMAND LINE ARGUMENTS:
C:\Program Files\Unity\Hub\Editor\2020.3.1f1\Editor\Unity.exe
-adb2
-batchMode
-noUpm
-name
AssetImportWorker0
-projectPath
C:/Users/Hexal/Documents/TeleHammer
-logFile
Logs/AssetImportWorker0.log
-srvPort
50991
Successfully changed project path to: C:/Users/Hexal/Documents/TeleHammer
C:/Users/Hexal/Documents/TeleHammer
Using Asset Import Pipeline V2.
Refreshing native plugins compatible for Editor in 22.42 ms, found 0 plugins.
Preloading 0 native plugins for Editor in 0.00 ms.
Initialize engine version: 2020.3.1f1 (77a89f25062f)
[Subsystems] Discovering subsystems at path C:/Program Files/Unity/Hub/Editor/2020.3.1f1/Editor/Data/Resources/UnitySubsystems
[Subsystems] Discovering subsystems at path C:/Users/Hexal/Documents/TeleHammer/Assets
GfxDevice: creating device client; threaded=0
Direct3D:
    Version:  Direct3D 11.0 [level 11.0]
    Renderer: NVIDIA GeForce GTX 750 Ti (ID=0x1380)
    Vendor:   
    VRAM:     2007 MB
    Driver:   27.21.14.6589
Initialize mono
Mono path[0] = 'C:/Program Files/Unity/Hub/Editor/2020.3.1f1/Editor/Data/Managed'
Mono path[1] = 'C:/Program Files/Unity/Hub/Editor/2020.3.1f1/Editor/Data/MonoBleedingEdge/lib/mono/unityjit'
Mono config path = 'C:/Program Files/Unity/Hub/Editor/2020.3.1f1/Editor/Data/MonoBleedingEdge/etc'
Using monoOptions --debugger-agent=transport=dt_socket,embedding=1,server=y,suspend=n,address=127.0.0.1:56684
Begin MonoManager ReloadAssembly
Registering precompiled unity dll's ...
Register platform support module: C:/Program Files/Unity/Hub/Editor/2020.3.1f1/Editor/Data/PlaybackEngines/WebGLSupport/UnityEditor.WebGL.Extensions.dll
Register platform support module: C:/Program Files/Unity/Hub/Editor/2020.3.1f1/Editor/Data/PlaybackEngines/WindowsStandaloneSupport/UnityEditor.WindowsStandalone.Extensions.dll
Registered in 0.002309 seconds.
Native extension for WindowsStandalone target not found
Native extension for WebGL target not found
Refreshing native plugins compatible for Editor in 21.81 ms, found 0 plugins.
Preloading 0 native plugins for Editor in 0.00 ms.
Invoked RoslynAnalysisRunner static constructor.
RoslynAnalysisRunner will not be running.
RoslynAnalysisRunner has terminated.
Mono: successfully reloaded assembly
- Completed reload, in  1.290 seconds
Platform modules already initialized, skipping
Registering precompiled user dll's ...
Registered in 0.000687 seconds.
Begin MonoManager ReloadAssembly
Native extension for WindowsStandalone target not found
Native extension for WebGL target not found
Refreshing native plugins compatible for Editor in 0.19 ms, found 0 plugins.
Preloading 0 native plugins for Editor in 0.00 ms.
Invoked RoslynAnalysisRunner static constructor.
RoslynAnalysisRunner will not be running.
RoslynAnalysisRunner has terminated.
Mono: successfully reloaded assembly
- Completed reload, in  0.806 seconds
Platform modules already initialized, skipping
========================================================================
Worker process is ready to serve import requests
Launched and connected shader compiler UnityShaderCompiler.exe after 0.06 seconds
Refreshing native plugins compatible for Editor in 0.19 ms, found 0 plugins.
Preloading 0 native plugins for Editor in 0.00 ms.
Unloading 1128 Unused Serialized files (Serialized files now loaded: 0)
System memory in use before: 57.4 MB.
System memory in use after: 57.4 MB.

Unloading 9 unused Assets to reduce memory usage. Loaded Objects now: 1571.
Total: 1.476800 ms (FindLiveObjects: 0.132300 ms CreateObjectMapping: 0.038500 ms MarkObjects: 1.248600 ms  DeleteObjects: 0.056200 ms)

========================================================================
Received Import Request.
  path: Assets/Scripts/LoadSceneOnClick.cs
  artifactKey: Guid(2d54391801bf2704d82ef567ccb657c3) Importer(815301076,1909f56bfc062723c751e8b465ee728b)
Start importing Assets/Scripts/LoadSceneOnClick.cs using Guid(2d54391801bf2704d82ef567ccb657c3) Importer(815301076,1909f56bfc062723c751e8b465ee728b)  -> (artifact id: 'aee406399f9f88834e33c61a0f051990') in 0.035978 seconds
  Import took 0.037622 seconds .

========================================================================
Received Prepare
Registering precompiled user dll's ...
Registered in 0.000603 seconds.
Begin MonoManager ReloadAssembly
Native extension for WindowsStandalone target not found
Native extension for WebGL target not found
Refreshing native plugins compatible for Editor in 0.19 ms, found 0 plugins.
Preloading 0 native plugins for Editor in 0.00 ms.
Invoked RoslynAnalysisRunner static constructor.
RoslynAnalysisRunner will not be running.
RoslynAnalysisRunner has terminated.
Mono: successfully reloaded assembly
- Completed reload, in  0.724 seconds
Platform modules already initialized, skipping
Refreshing native plugins compatible for Editor in 0.18 ms, found 0 plugins.
Preloading 0 native plugins for Editor in 0.00 ms.
Unloading 1122 Unused Serialized files (Serialized files now loaded: 0)
System memory in use before: 57.1 MB.
System memory in use after: 57.2 MB.

Unloading 4 unused Assets to reduce memory usage. Loaded Objects now: 1574.
Total: 1.307800 ms (FindLiveObjects: 0.118300 ms CreateObjectMapping: 0.034600 ms MarkObjects: 1.138700 ms  DeleteObjects: 0.015400 ms)

========================================================================
Received Prepare
Registering precompiled user dll's ...
Registered in 0.000618 seconds.
Begin MonoManager ReloadAssembly
Native extension for WindowsStandalone target not found
Native extension for WebGL target not found
Refreshing native plugins compatible for Editor in 0.19 ms, found 0 plugins.
Preloading 0 native plugins for Editor in 0.00 ms.
Invoked RoslynAnalysisRunner static constructor.
RoslynAnalysisRunner will not be running.
RoslynAnalysisRunner has terminated.
Mono: successfully reloaded assembly
- Completed reload, in  0.736 seconds
Platform modules already initialized, skipping
Refreshing native plugins compatible for Editor in 0.19 ms, found 0 plugins.
Preloading 0 native plugins for Editor in 0.00 ms.
Unloading 1122 Unused Serialized files (Serialized files now loaded: 0)
System memory in use before: 57.1 MB.
System memory in use after: 57.2 MB.

Unloading 4 unused Assets to reduce memory usage. Loaded Objects now: 1577.
Total: 1.257900 ms (FindLiveObjects: 0.102500 ms CreateObjectMapping: 0.031100 ms MarkObjects: 1.110300 ms  DeleteObjects: 0.013300 ms)

========================================================================
Received Prepare
Registering precompiled user dll's ...
Registered in 0.000751 seconds.
Begin MonoManager ReloadAssembly
Native extension for WindowsStandalone target not found
Native extension for WebGL target not found
Refreshing native plugins compatible for Editor in 0.20 ms, found 0 plugins.
Preloading 0 native plugins for Editor in 0.00 ms.
Invoked RoslynAnalysisRunner static constructor.
RoslynAnalysisRunner will not be running.
RoslynAnalysisRunner has terminated.
Mono: successfully reloaded assembly
- Completed reload, in  0.821 seconds
Platform modules already initialized, skipping
Refreshing native plugins compatible for Editor in 0.18 ms, found 0 plugins.
Preloading 0 native plugins for Editor in 0.00 ms.
Unloading 1122 Unused Serialized files (Serialized files now loaded: 0)
System memory in use before: 57.1 MB.
System memory in use after: 57.2 MB.

Unloading 4 unused Assets to reduce memory usage. Loaded Objects now: 1580.
Total: 1.338000 ms (FindLiveObjects: 0.134100 ms CreateObjectMapping: 0.038600 ms MarkObjects: 1.153000 ms  DeleteObjects: 0.011400 ms)

========================================================================
Received Prepare
Registering precompiled user dll's ...
Registered in 0.000630 seconds.
Begin MonoManager ReloadAssembly
Native extension for WindowsStandalone target not found
Native extension for WebGL target not found
Refreshing native plugins compatible for Editor in 0.19 ms, found 0 plugins.
Preloading 0 native plugins for Editor in 0.00 ms.
Invoked RoslynAnalysisRunner static constructor.
RoslynAnalysisRunner will not be running.
RoslynAnalysisRunner has terminated.
Mono: successfully reloaded assembly
- Completed reload, in  0.722 seconds
Platform modules already initialized, skipping
Refreshing native plugins compatible for Editor in 0.20 ms, found 0 plugins.
Preloading 0 native plugins for Editor in 0.00 ms.
Unloading 1122 Unused Serialized files (Serialized files now loaded: 0)
System memory in use before: 57.1 MB.
System memory in use after: 57.2 MB.

Unloading 4 unused Assets to reduce memory usage. Loaded Objects now: 1583.
Total: 1.335900 ms (FindLiveObjects: 0.118800 ms CreateObjectMapping: 0.030900 ms MarkObjects: 1.171000 ms  DeleteObjects: 0.014000 ms)

========================================================================
Received Prepare
Registering precompiled user dll's ...
Registered in 0.000640 seconds.
Begin MonoManager ReloadAssembly
Native extension for WindowsStandalone target not found
Native extension for WebGL target not found
Refreshing native plugins compatible for Editor in 0.19 ms, found 0 plugins.
Preloading 0 native plugins for Editor in 0.00 ms.
Invoked RoslynAnalysisRunner static constructor.
RoslynAnalysisRunner will not be running.
RoslynAnalysisRunner has terminated.
Mono: successfully reloaded assembly
- Completed reload, in  0.728 seconds
Platform modules already initialized, skipping
Refreshing native plugins compatible for Editor in 0.19 ms, found 0 plugins.
Preloading 0 native plugins for Editor in 0.00 ms.
Unloading 1122 Unused Serialized files (Serialized files now loaded: 0)
System memory in use before: 57.2 MB.
System memory in use after: 57.3 MB.

Unloading 4 unused Assets to reduce memory usage. Loaded Objects now: 1586.
Total: 1.312100 ms (FindLiveObjects: 0.123000 ms CreateObjectMapping: 0.035700 ms MarkObjects: 1.141600 ms  DeleteObjects: 0.010900 ms)

========================================================================
Received Prepare
Registering precompiled user dll's ...
Registered in 0.000621 seconds.
Begin MonoManager ReloadAssembly
Native extension for WindowsStandalone target not found
Native extension for WebGL target not found
Refreshing native plugins compatible for Editor in 0.19 ms, found 0 plugins.
Preloading 0 native plugins for Editor in 0.00 ms.
Invoked RoslynAnalysisRunner static constructor.
RoslynAnalysisRunner will not be running.
RoslynAnalysisRunner has terminated.
Mono: successfully reloaded assembly
- Completed reload, in  0.741 seconds
Platform modules already initialized, skipping
Refreshing native plugins compatible for Editor in 0.19 ms, found 0 plugins.
Preloading 0 native plugins for Editor in 0.00 ms.
Unloading 1122 Unused Serialized files (Serialized files now loaded: 0)
System memory in use before: 57.2 MB.
System memory in use after: 57.3 MB.

Unloading 4 unused Assets to reduce memory usage. Loaded Objects now: 1589.
Total: 1.296300 ms (FindLiveObjects: 0.110900 ms CreateObjectMapping: 0.030200 ms MarkObjects: 1.143000 ms  DeleteObjects: 0.011400 ms)

========================================================================
Received Prepare
Registering precompiled user dll's ...
Registered in 0.000639 seconds.
Begin MonoManager ReloadAssembly
Native extension for WindowsStandalone target not found
Native extension for WebGL target not found
Refreshing native plugins compatible for Editor in 0.18 ms, found 0 plugins.
Preloading 0 native plugins for Editor in 0.00 ms.
Invoked RoslynAnalysisRunner static constructor.
RoslynAnalysisRunner will not be running.
RoslynAnalysisRunner has terminated.
Mono: successfully reloaded assembly
- Completed reload, in  0.719 seconds
Platform modules already initialized, skipping
Refreshing native plugins compatible for Editor in 0.19 ms, found 0 plugins.
Preloading 0 native plugins for Editor in 0.00 ms.
Unloading 1122 Unused Serialized files (Serialized files now loaded: 0)
System memory in use before: 57.2 MB.
System memory in use after: 57.3 MB.

Unloading 4 unused Assets to reduce memory usage. Loaded Objects now: 1592.
Total: 1.333200 ms (FindLiveObjects: 0.125200 ms CreateObjectMapping: 0.037700 ms MarkObjects: 1.157600 ms  DeleteObjects: 0.011800 ms)

========================================================================
Received Prepare
Registering precompiled user dll's ...
Registered in 0.000642 seconds.
Begin MonoManager ReloadAssembly
Native extension for WindowsStandalone target not found
Native extension for WebGL target not found
Refreshing native plugins compatible for Editor in 0.19 ms, found 0 plugins.
Preloading 0 native plugins for Editor in 0.00 ms.
Invoked RoslynAnalysisRunner static constructor.
RoslynAnalysisRunner will not be running.
RoslynAnalysisRunner has terminated.
Mono: successfully reloaded assembly
- Completed reload, in  0.728 seconds
Platform modules already initialized, skipping
Refreshing native plugins compatible for Editor in 0.19 ms, found 0 plugins.
Preloading 0 native plugins for Editor in 0.00 ms.
Unloading 1122 Unused Serialized files (Serialized files now loaded: 0)
System memory in use before: 57.2 MB.
System memory in use after: 57.3 MB.

Unloading 4 unused Assets to reduce memory usage. Loaded Objects now: 1595.
Total: 1.309100 ms (FindLiveObjects: 0.125300 ms CreateObjectMapping: 0.033900 ms MarkObjects: 1.137300 ms  DeleteObjects: 0.011800 ms)

========================================================================
Received Import Request.
  Time since last request: 2359.810552 seconds.
  path: Assets/Sound/chargeloop.wav
  artifactKey: Guid(b6fa4228fa953ed44aa9d3e227d21758) Importer(815301076,1909f56bfc062723c751e8b465ee728b)
Start importing Assets/Sound/chargeloop.wav using Guid(b6fa4228fa953ed44aa9d3e227d21758) Importer(815301076,1909f56bfc062723c751e8b465ee728b)  -> (artifact id: 'e98b98d367c794908a4d379f5cb899b0') in 0.094124 seconds
  Import took 0.096151 seconds .

========================================================================
Received Import Request.
  Time since last request: 0.000143 seconds.
  path: Assets/Sound/spawner.wav
  artifactKey: Guid(c34c984a75c4f0648a787c09d4d53a98) Importer(815301076,1909f56bfc062723c751e8b465ee728b)
Start importing Assets/Sound/spawner.wav using Guid(c34c984a75c4f0648a787c09d4d53a98) Importer(815301076,1909f56bfc062723c751e8b465ee728b)  -> (artifact id: '2d8a63ef66939cfd8bb93e1223969b8a') in 0.015512 seconds
  Import took 0.017112 seconds .

========================================================================
Received Import Request.
  Time since last request: 0.000142 seconds.
  path: Assets/Sound/floor.wav
  artifactKey: Guid(ceaa693fdb2dd5e4c8f5b0b14f231972) Importer(815301076,1909f56bfc062723c751e8b465ee728b)
Start importing Assets/Sound/floor.wav using Guid(ceaa693fdb2dd5e4c8f5b0b14f231972) Importer(815301076,1909f56bfc062723c751e8b465ee728b)  -> (artifact id: '639b0cae551b0aa3c0746e0655f62642') in 0.014621 seconds
  Import took 0.016254 seconds .

========================================================================
Received Import Request.
  Time since last request: 0.000147 seconds.
  path: Assets/Sound/pickup.wav
  artifactKey: Guid(e562f0c08e934774f9c1c2b15d4b0c8a) Importer(815301076,1909f56bfc062723c751e8b465ee728b)
Start importing Assets/Sound/pickup.wav using Guid(e562f0c08e934774f9c1c2b15d4b0c8a) Importer(815301076,1909f56bfc062723c751e8b465ee728b)  -> (artifact id: 'f691a37ed9870a1cdc5dd283ca5fc905') in 0.017945 seconds
  Import took 0.019811 seconds .

========================================================================
Received Import Request.
  Time since last request: 0.000147 seconds.
  path: Assets/Sound/throw.wav
  artifactKey: Guid(9bd85bfdf5db517418754d11699a6d90) Importer(815301076,1909f56bfc062723c751e8b465ee728b)
Start importing Assets/Sound/throw.wav using Guid(9bd85bfdf5db517418754d11699a6d90) Importer(815301076,1909f56bfc062723c751e8b465ee728b)  -> (artifact id: 'c207d91c1a75ff02c2e2e5d53034fb71') in 0.022072 seconds
  Import took 0.023965 seconds .

========================================================================
Received Import Request.
  Time since last request: 0.000141 seconds.
  path: Assets/Sound/enemyhit.wav
  artifactKey: Guid(2553c8b02177abf41916fd9b9d8edb29) Importer(815301076,1909f56bfc062723c751e8b465ee728b)
Start importing Assets/Sound/enemyhit.wav using Guid(2553c8b02177abf41916fd9b9d8edb29) Importer(815301076,1909f56bfc062723c751e8b465ee728b)  -> (artifact id: 'a8863f938cf383c3bf9497b9cd9f28fe') in 0.023361 seconds
  Import took 0.025284 seconds .

========================================================================
Received Import Request.
  Time since last request: 0.000141 seconds.
  path: Assets/Sound/test.wav
  artifactKey: Guid(de619f774fc63004d92f40e4dca3439f) Importer(815301076,1909f56bfc062723c751e8b465ee728b)
Start importing Assets/Sound/test.wav using Guid(de619f774fc63004d92f40e4dca3439f) Importer(815301076,1909f56bfc062723c751e8b465ee728b)  -> (artifact id: 'd135698faec142ffa6855a2984b220c3') in 0.023883 seconds
  Import took 0.025601 seconds .

========================================================================
Received Import Request.
  Time since last request: 0.000167 seconds.
  path: Assets/Sound/explosionhit.wav
  artifactKey: Guid(f71ffb383045ca64cac31f09f605d4fc) Importer(815301076,1909f56bfc062723c751e8b465ee728b)
Start importing Assets/Sound/explosionhit.wav using Guid(f71ffb383045ca64cac31f09f605d4fc) Importer(815301076,1909f56bfc062723c751e8b465ee728b)  -> (artifact id: '8813b3414dc9011b5c08f2906b422d99') in 0.024489 seconds
  Import took 0.026340 seconds .

========================================================================
Received Import Request.
  Time since last request: 1.453307 seconds.
  path: Assets/Scenes/GameplayScene.unity
  artifactKey: Guid(3a8cd639b6b5d154a8697bee1b0214b4) Importer(815301076,1909f56bfc062723c751e8b465ee728b)
Start importing Assets/Scenes/GameplayScene.unity using Guid(3a8cd639b6b5d154a8697bee1b0214b4) Importer(815301076,1909f56bfc062723c751e8b465ee728b)  -> (artifact id: 'acefc60884f66a221831b3953c8ed548') in 0.005808 seconds
  Import took 0.007585 seconds .

